# JRE version: OpenJDK Runtime Environment (15.0.2+7) (build 15.0.2+7-27)
# Java VM: OpenJDK 64-Bit Server VM (15.0.2+7-27, mixed mode, tiered, compressed oops, g1 gc, windows-amd64)
GC Precious Log:
 CPUs: 12 total, 12 available
 Memory: 16251M
 Large Page Support: Disabled
 NUMA Support: Disabled
 Compressed Oops: Enabled (Zero based)
 Heap Region Size: 2M
 Heap Min Capacity: 8M
 Heap Initial Capacity: 254M
 Heap Max Capacity: 4064M
 Pre-touch: Disabled
 Parallel Workers: 10
 Concurrent Workers: 3
 Concurrent Refinement Workers: 10
 Periodic GC: Disabled
Heap:
 garbage-first heap   total 1566720K, used 938242K [0x0000000702000000, 0x0000000800000000)
  region size 2048K, 0 young (0K), 0 survivors (0K)
 Metaspace       used 27005K, capacity 27331K, committed 27648K, reserved 1073152K
  class space    used 3355K, capacity 3470K, committed 3584K, reserved 1048576K
GC Heap History (20 events):
Event: 32.802 GC heap before
{Heap before GC invocations=20 (full 0):
 garbage-first heap   total 468992K, used 393762K [0x0000000702000000, 0x0000000800000000)
  region size 2048K, 61 young (124928K), 3 survivors (6144K)
 Metaspace       used 27005K, capacity 27331K, committed 27648K, reserved 1073152K
  class space    used 3355K, capacity 3470K, committed 3584K, reserved 1048576K
}
Event: 32.804 GC heap after
{Heap after GC invocations=21 (full 0):
 garbage-first heap   total 468992K, used 199299K [0x0000000702000000, 0x0000000800000000)
  region size 2048K, 3 young (6144K), 3 survivors (6144K)
 Metaspace       used 27005K, capacity 27331K, committed 27648K, reserved 1073152K
  class space    used 3355K, capacity 3470K, committed 3584K, reserved 1048576K
}
Event: 33.101 GC heap before
{Heap before GC invocations=21 (full 0):
 garbage-first heap   total 468992K, used 410243K [0x0000000702000000, 0x0000000800000000)
  region size 2048K, 106 young (217088K), 3 survivors (6144K)
 Metaspace       used 27005K, capacity 27331K, committed 27648K, reserved 1073152K
  class space    used 3355K, capacity 3470K, committed 3584K, reserved 1048576K
}
Event: 33.106 GC heap after
{Heap after GC invocations=22 (full 0):
 garbage-first heap   total 468992K, used 199223K [0x0000000702000000, 0x0000000800000000)
  region size 2048K, 3 young (6144K), 3 survivors (6144K)
 Metaspace       used 27005K, capacity 27331K, committed 27648K, reserved 1073152K
  class space    used 3355K, capacity 3470K, committed 3584K, reserved 1048576K
}
Event: 33.397 GC heap before
{Heap before GC invocations=22 (full 0):
 garbage-first heap   total 468992K, used 410167K [0x0000000702000000, 0x0000000800000000)
  region size 2048K, 106 young (217088K), 3 survivors (6144K)
 Metaspace       used 27005K, capacity 27331K, committed 27648K, reserved 1073152K
  class space    used 3355K, capacity 3470K, committed 3584K, reserved 1048576K
}
Event: 33.399 GC heap after
{Heap after GC invocations=23 (full 0):
 garbage-first heap   total 468992K, used 199153K [0x0000000702000000, 0x0000000800000000)
  region size 2048K, 3 young (6144K), 3 survivors (6144K)
 Metaspace       used 27005K, capacity 27331K, committed 27648K, reserved 1073152K
  class space    used 3355K, capacity 3470K, committed 3584K, reserved 1048576K
}
Event: 33.677 GC heap before
{Heap before GC invocations=23 (full 0):
 garbage-first heap   total 468992K, used 410097K [0x0000000702000000, 0x0000000800000000)
  region size 2048K, 106 young (217088K), 3 survivors (6144K)
 Metaspace       used 27005K, capacity 27331K, committed 27648K, reserved 1073152K
  class space    used 3355K, capacity 3470K, committed 3584K, reserved 1048576K
}
Event: 33.680 GC heap after
{Heap after GC invocations=24 (full 0):
 garbage-first heap   total 468992K, used 198914K [0x0000000702000000, 0x0000000800000000)
  region size 2048K, 0 young (0K), 0 survivors (0K)
 Metaspace       used 27005K, capacity 27331K, committed 27648K, reserved 1073152K
  class space    used 3355K, capacity 3470K, committed 3584K, reserved 1048576K
}
Event: 33.781 GC heap before
{Heap before GC invocations=24 (full 0):
 garbage-first heap   total 468992K, used 272642K [0x0000000702000000, 0x0000000800000000)
  region size 2048K, 37 young (75776K), 0 survivors (0K)
 Metaspace       used 27005K, capacity 27331K, committed 27648K, reserved 1073152K
  class space    used 3355K, capacity 3470K, committed 3584K, reserved 1048576K
}
Event: 33.782 GC heap after
{Heap after GC invocations=25 (full 0):
 garbage-first heap   total 468992K, used 198914K [0x0000000702000000, 0x0000000800000000)
  region size 2048K, 0 young (0K), 0 survivors (0K)
 Metaspace       used 27005K, capacity 27331K, committed 27648K, reserved 1073152K
  class space    used 3355K, capacity 3470K, committed 3584K, reserved 1048576K
}
Event: 34.489 GC heap before
{Heap before GC invocations=26 (full 0):
 garbage-first heap   total 829440K, used 715010K [0x0000000702000000, 0x0000000800000000)
  region size 2048K, 107 young (219136K), 0 survivors (0K)
 Metaspace       used 27005K, capacity 27331K, committed 27648K, reserved 1073152K
  class space    used 3355K, capacity 3470K, committed 3584K, reserved 1048576K
}
Event: 34.490 GC heap after
{Heap after GC invocations=27 (full 0):
 garbage-first heap   total 829440K, used 346370K [0x0000000702000000, 0x0000000800000000)
  region size 2048K, 0 young (0K), 0 survivors (0K)
 Metaspace       used 27005K, capacity 27331K, committed 27648K, reserved 1073152K
  class space    used 3355K, capacity 3470K, committed 3584K, reserved 1048576K
}
Event: 35.034 GC heap before
{Heap before GC invocations=27 (full 0):
 garbage-first heap   total 829440K, used 741634K [0x0000000702000000, 0x0000000800000000)
  region size 2048K, 193 young (395264K), 0 survivors (0K)
 Metaspace       used 27005K, capacity 27331K, committed 27648K, reserved 1073152K
  class space    used 3355K, capacity 3470K, committed 3584K, reserved 1048576K
}
Event: 35.035 GC heap after
{Heap after GC invocations=28 (full 0):
 garbage-first heap   total 829440K, used 346370K [0x0000000702000000, 0x0000000800000000)
  region size 2048K, 0 young (0K), 0 survivors (0K)
 Metaspace       used 27005K, capacity 27331K, committed 27648K, reserved 1073152K
  class space    used 3355K, capacity 3470K, committed 3584K, reserved 1048576K
}
Event: 35.565 GC heap before
{Heap before GC invocations=28 (full 0):
 garbage-first heap   total 829440K, used 741634K [0x0000000702000000, 0x0000000800000000)
  region size 2048K, 193 young (395264K), 0 survivors (0K)
 Metaspace       used 27005K, capacity 27331K, committed 27648K, reserved 1073152K
  class space    used 3355K, capacity 3470K, committed 3584K, reserved 1048576K
}
Event: 35.566 GC heap after
{Heap after GC invocations=29 (full 0):
 garbage-first heap   total 829440K, used 346370K [0x0000000702000000, 0x0000000800000000)
  region size 2048K, 0 young (0K), 0 survivors (0K)
 Metaspace       used 27005K, capacity 27331K, committed 27648K, reserved 1073152K
  class space    used 3355K, capacity 3470K, committed 3584K, reserved 1048576K
}
Event: 36.197 GC heap before
{Heap before GC invocations=29 (full 0):
 garbage-first heap   total 829440K, used 741634K [0x0000000702000000, 0x0000000800000000)
  region size 2048K, 193 young (395264K), 0 survivors (0K)
 Metaspace       used 27005K, capacity 27331K, committed 27648K, reserved 1073152K
  class space    used 3355K, capacity 3470K, committed 3584K, reserved 1048576K
}
Event: 36.197 GC heap after
{Heap after GC invocations=30 (full 0):
 garbage-first heap   total 829440K, used 346370K [0x0000000702000000, 0x0000000800000000)
  region size 2048K, 0 young (0K), 0 survivors (0K)
 Metaspace       used 27005K, capacity 27331K, committed 27648K, reserved 1073152K
  class space    used 3355K, capacity 3470K, committed 3584K, reserved 1048576K
}
Event: 36.582 GC heap before
{Heap before GC invocations=30 (full 0):
 garbage-first heap   total 829440K, used 594178K [0x0000000702000000, 0x0000000800000000)
  region size 2048K, 122 young (249856K), 0 survivors (0K)
 Metaspace       used 27005K, capacity 27331K, committed 27648K, reserved 1073152K
  class space    used 3355K, capacity 3470K, committed 3584K, reserved 1048576K
}
Event: 36.583 GC heap after
{Heap after GC invocations=31 (full 0):
 garbage-first heap   total 829440K, used 346370K [0x0000000702000000, 0x0000000800000000)
  region size 2048K, 0 young (0K), 0 survivors (0K)
 Metaspace       used 27005K, capacity 27331K, committed 27648K, reserved 1073152K
  class space    used 3355K, capacity 3470K, committed 3584K, reserved 1048576K
}

