# JRE version: OpenJDK Runtime Environment (15.0.2+7) (build 15.0.2+7-27)
# Java VM: OpenJDK 64-Bit Server VM (15.0.2+7-27, mixed mode, tiered, compressed oops, g1 gc, windows-amd64)
GC Precious Log:
 CPUs: 12 total, 12 available
 Memory: 16251M
 Large Page Support: Disabled
 NUMA Support: Disabled
 Compressed Oops: Enabled (Zero based)
 Heap Region Size: 2M
 Heap Min Capacity: 8M
 Heap Initial Capacity: 254M
 Heap Max Capacity: 4064M
 Pre-touch: Disabled
 Parallel Workers: 10
 Concurrent Workers: 3
 Concurrent Refinement Workers: 10
 Periodic GC: Disabled
Heap:
 garbage-first heap   total 1570816K, used 938650K [0x0000000702000000, 0x0000000800000000)
  region size 2048K, 0 young (0K), 0 survivors (0K)
 Metaspace       used 27001K, capacity 27265K, committed 27392K, reserved 1073152K
  class space    used 3354K, capacity 3471K, committed 3584K, reserved 1048576K
GC Heap History (20 events):
Event: 20.713 GC heap before
{Heap before GC invocations=20 (full 0):
 garbage-first heap   total 464896K, used 395930K [0x0000000702000000, 0x0000000800000000)
  region size 2048K, 59 young (120832K), 0 survivors (0K)
 Metaspace       used 27001K, capacity 27265K, committed 27392K, reserved 1073152K
  class space    used 3354K, capacity 3471K, committed 3584K, reserved 1048576K
}
Event: 20.715 GC heap after
{Heap after GC invocations=21 (full 0):
 garbage-first heap   total 464896K, used 199322K [0x0000000702000000, 0x0000000800000000)
  region size 2048K, 0 young (0K), 0 survivors (0K)
 Metaspace       used 27001K, capacity 27265K, committed 27392K, reserved 1073152K
  class space    used 3354K, capacity 3471K, committed 3584K, reserved 1048576K
}
Event: 21.004 GC heap before
{Heap before GC invocations=21 (full 0):
 garbage-first heap   total 464896K, used 412314K [0x0000000702000000, 0x0000000800000000)
  region size 2048K, 104 young (212992K), 0 survivors (0K)
 Metaspace       used 27001K, capacity 27265K, committed 27392K, reserved 1073152K
  class space    used 3354K, capacity 3471K, committed 3584K, reserved 1048576K
}
Event: 21.005 GC heap after
{Heap after GC invocations=22 (full 0):
 garbage-first heap   total 464896K, used 199322K [0x0000000702000000, 0x0000000800000000)
  region size 2048K, 0 young (0K), 0 survivors (0K)
 Metaspace       used 27001K, capacity 27265K, committed 27392K, reserved 1073152K
  class space    used 3354K, capacity 3471K, committed 3584K, reserved 1048576K
}
Event: 21.302 GC heap before
{Heap before GC invocations=22 (full 0):
 garbage-first heap   total 464896K, used 412314K [0x0000000702000000, 0x0000000800000000)
  region size 2048K, 104 young (212992K), 0 survivors (0K)
 Metaspace       used 27001K, capacity 27265K, committed 27392K, reserved 1073152K
  class space    used 3354K, capacity 3471K, committed 3584K, reserved 1048576K
}
Event: 21.303 GC heap after
{Heap after GC invocations=23 (full 0):
 garbage-first heap   total 464896K, used 199322K [0x0000000702000000, 0x0000000800000000)
  region size 2048K, 0 young (0K), 0 survivors (0K)
 Metaspace       used 27001K, capacity 27265K, committed 27392K, reserved 1073152K
  class space    used 3354K, capacity 3471K, committed 3584K, reserved 1048576K
}
Event: 21.587 GC heap before
{Heap before GC invocations=23 (full 0):
 garbage-first heap   total 464896K, used 412314K [0x0000000702000000, 0x0000000800000000)
  region size 2048K, 104 young (212992K), 0 survivors (0K)
 Metaspace       used 27001K, capacity 27265K, committed 27392K, reserved 1073152K
  class space    used 3354K, capacity 3471K, committed 3584K, reserved 1048576K
}
Event: 21.588 GC heap after
{Heap after GC invocations=24 (full 0):
 garbage-first heap   total 464896K, used 199322K [0x0000000702000000, 0x0000000800000000)
  region size 2048K, 0 young (0K), 0 survivors (0K)
 Metaspace       used 27001K, capacity 27265K, committed 27392K, reserved 1073152K
  class space    used 3354K, capacity 3471K, committed 3584K, reserved 1048576K
}
Event: 21.674 GC heap before
{Heap before GC invocations=24 (full 0):
 garbage-first heap   total 464896K, used 264858K [0x0000000702000000, 0x0000000800000000)
  region size 2048K, 33 young (67584K), 0 survivors (0K)
 Metaspace       used 27001K, capacity 27265K, committed 27392K, reserved 1073152K
  class space    used 3354K, capacity 3471K, committed 3584K, reserved 1048576K
}
Event: 21.675 GC heap after
{Heap after GC invocations=25 (full 0):
 garbage-first heap   total 464896K, used 199322K [0x0000000702000000, 0x0000000800000000)
  region size 2048K, 0 young (0K), 0 survivors (0K)
 Metaspace       used 27001K, capacity 27265K, committed 27392K, reserved 1073152K
  class space    used 3354K, capacity 3471K, committed 3584K, reserved 1048576K
}
Event: 22.066 GC heap before
{Heap before GC invocations=26 (full 0):
 garbage-first heap   total 833536K, used 709274K [0x0000000702000000, 0x0000000800000000)
  region size 2048K, 104 young (212992K), 0 survivors (0K)
 Metaspace       used 27001K, capacity 27265K, committed 27392K, reserved 1073152K
  class space    used 3354K, capacity 3471K, committed 3584K, reserved 1048576K
}
Event: 22.068 GC heap after
{Heap after GC invocations=27 (full 0):
 garbage-first heap   total 833536K, used 346778K [0x0000000702000000, 0x0000000800000000)
  region size 2048K, 0 young (0K), 0 survivors (0K)
 Metaspace       used 27001K, capacity 27265K, committed 27392K, reserved 1073152K
  class space    used 3354K, capacity 3471K, committed 3584K, reserved 1048576K
}
Event: 22.597 GC heap before
{Heap before GC invocations=27 (full 0):
 garbage-first heap   total 833536K, used 744090K [0x0000000702000000, 0x0000000800000000)
  region size 2048K, 194 young (397312K), 0 survivors (0K)
 Metaspace       used 27001K, capacity 27265K, committed 27392K, reserved 1073152K
  class space    used 3354K, capacity 3471K, committed 3584K, reserved 1048576K
}
Event: 22.598 GC heap after
{Heap after GC invocations=28 (full 0):
 garbage-first heap   total 833536K, used 346778K [0x0000000702000000, 0x0000000800000000)
  region size 2048K, 0 young (0K), 0 survivors (0K)
 Metaspace       used 27001K, capacity 27265K, committed 27392K, reserved 1073152K
  class space    used 3354K, capacity 3471K, committed 3584K, reserved 1048576K
}
Event: 23.120 GC heap before
{Heap before GC invocations=28 (full 0):
 garbage-first heap   total 833536K, used 744090K [0x0000000702000000, 0x0000000800000000)
  region size 2048K, 194 young (397312K), 0 survivors (0K)
 Metaspace       used 27001K, capacity 27265K, committed 27392K, reserved 1073152K
  class space    used 3354K, capacity 3471K, committed 3584K, reserved 1048576K
}
Event: 23.121 GC heap after
{Heap after GC invocations=29 (full 0):
 garbage-first heap   total 833536K, used 346778K [0x0000000702000000, 0x0000000800000000)
  region size 2048K, 0 young (0K), 0 survivors (0K)
 Metaspace       used 27001K, capacity 27265K, committed 27392K, reserved 1073152K
  class space    used 3354K, capacity 3471K, committed 3584K, reserved 1048576K
}
Event: 23.634 GC heap before
{Heap before GC invocations=29 (full 0):
 garbage-first heap   total 833536K, used 744090K [0x0000000702000000, 0x0000000800000000)
  region size 2048K, 194 young (397312K), 0 survivors (0K)
 Metaspace       used 27001K, capacity 27265K, committed 27392K, reserved 1073152K
  class space    used 3354K, capacity 3471K, committed 3584K, reserved 1048576K
}
Event: 23.635 GC heap after
{Heap after GC invocations=30 (full 0):
 garbage-first heap   total 833536K, used 346778K [0x0000000702000000, 0x0000000800000000)
  region size 2048K, 0 young (0K), 0 survivors (0K)
 Metaspace       used 27001K, capacity 27265K, committed 27392K, reserved 1073152K
  class space    used 3354K, capacity 3471K, committed 3584K, reserved 1048576K
}
Event: 23.984 GC heap before
{Heap before GC invocations=30 (full 0):
 garbage-first heap   total 833536K, used 594586K [0x0000000702000000, 0x0000000800000000)
  region size 2048K, 122 young (249856K), 0 survivors (0K)
 Metaspace       used 27001K, capacity 27265K, committed 27392K, reserved 1073152K
  class space    used 3354K, capacity 3471K, committed 3584K, reserved 1048576K
}
Event: 23.985 GC heap after
{Heap after GC invocations=31 (full 0):
 garbage-first heap   total 833536K, used 346778K [0x0000000702000000, 0x0000000800000000)
  region size 2048K, 0 young (0K), 0 survivors (0K)
 Metaspace       used 27001K, capacity 27265K, committed 27392K, reserved 1073152K
  class space    used 3354K, capacity 3471K, committed 3584K, reserved 1048576K
}

